c:\users\usuario\desktop\tp final-git\x64\debug\vc142.pdb
c:\users\usuario\desktop\tp final-git\x64\debug\vc142.idb
c:\users\usuario\desktop\tp final-git\x64\debug\viejo.obj
c:\users\usuario\desktop\tp final-git\x64\debug\ramal.obj
c:\users\usuario\desktop\tp final-git\x64\debug\pasajero.obj
c:\users\usuario\desktop\tp final-git\x64\debug\parada.obj
c:\users\usuario\desktop\tp final-git\x64\debug\nuevo.obj
c:\users\usuario\desktop\tp final-git\x64\debug\main.obj
c:\users\usuario\desktop\tp final-git\x64\debug\definiciones.obj
c:\users\usuario\desktop\tp final-git\x64\debug\colectivo.obj
c:\users\usuario\desktop\tp final-git\x64\debug\acordeon.obj
c:\users\usuario\desktop\tp final-git\x64\debug\funciones.obj
c:\users\usuario\desktop\tp final-git\x64\debug\tpfinal.pdb
c:\users\usuario\desktop\tp final-git\x64\debug\tpfinal.tlog\cl.command.1.tlog
c:\users\usuario\desktop\tp final-git\x64\debug\tpfinal.tlog\cl.read.1.tlog
c:\users\usuario\desktop\tp final-git\x64\debug\tpfinal.tlog\cl.write.1.tlog
c:\users\usuario\desktop\tp final-git\x64\debug\tpfinal.tlog\link-cvtres.read.1.tlog
c:\users\usuario\desktop\tp final-git\x64\debug\tpfinal.tlog\link-cvtres.write.1.tlog
c:\users\usuario\desktop\tp final-git\x64\debug\tpfinal.tlog\link-rc.read.1.tlog
c:\users\usuario\desktop\tp final-git\x64\debug\tpfinal.tlog\link-rc.write.1.tlog
c:\users\usuario\desktop\tp final-git\x64\debug\tpfinal.tlog\link.command.1.tlog
c:\users\usuario\desktop\tp final-git\x64\debug\tpfinal.tlog\link.read.1.tlog
c:\users\usuario\desktop\tp final-git\x64\debug\tpfinal.tlog\link.write.1.tlog
